"../../../Engine/Content/EditorBlueprintResources/StandardMacros.uasset" 0
"../../../../Projects/Second_test 4.19/Content/2DSideScroller/Blueprints/OtherCharacters/Widget_EvilCharacter.uasset" 1
"../../Plugins/2D/Paper2D/Content/DefaultSpriteMaterial.uasset" 2
"../../Plugins/2D/Paper2D/Content/TranslucentUnlitSpriteMaterial.uasset" 3
"../../../../Projects/Second_test 4.19/Content/2DSideScroller/Sprites/EvilCharacter/easy_demon_geometry.uasset" 4
"../../../../Projects/Second_test 4.19/Content/2DSideScroller/Sprites/EvilCharacter/easy_demon_geometry_Sprite.uasset" 5
"../../../../Projects/Second_test 4.19/Content/2DSideScroller/Blueprints/OtherCharacters/BP_Evil.uasset" 6
"../../Plugins/2D/Paper2D/Content/PlaceholderTextures/DummySpriteTexture.uasset" 7
"../../../../Projects/Second_test 4.19/Content/2DSideScroller/Animations/RobotMaterials/Textures/Shoot.uasset" 8
"../../../../Projects/Second_test 4.19/Content/2DSideScroller/Animations/RobotMaterials/Textures/Shoot_Laser.uasset" 9
"../../../../Projects/Second_test 4.19/Content/2DSideScroller/Sprites/RobotMaterials/ShotFrame/Shot/Shoot1_4.uasset" 10
"../../../../Projects/Second_test 4.19/Content/2DSideScroller/Sprites/RobotMaterials/ShotFrame/Shot/Shoot1_4_Sprite.uasset" 11
"../../../../Projects/Second_test 4.19/Content/2DSideScroller/Sprites/RobotMaterials/ShotFrame/Shot/Shoot1_6.uasset" 12
"../../../../Projects/Second_test 4.19/Content/2DSideScroller/Sprites/RobotMaterials/ShotFrame/Shot/Shoot1_6_Sprite.uasset" 13
"../../../../Projects/Second_test 4.19/Content/2DSideScroller/Animations/RobotMaterials/Shoot.uasset" 14
"../../../../Projects/Second_test 4.19/Content/2DSideScroller/Blueprints/Robot/BP_Shot.uasset" 15
"../../../../Projects/Second_test 4.19/Content/2DSideScroller/Materials/HUD_needs/character_panel.uasset" 16
"../../../../Projects/Second_test 4.19/Content/2DSideScroller/Materials/HUD_needs/CheckBox-O.uasset" 17
"../../../../Projects/Second_test 4.19/Content/2DSideScroller/Materials/HUD_needs/CheckBox-V.uasset" 18
"../../../../Projects/Second_test 4.19/Content/2DSideScroller/Sprites/RobotCharacter/DeadFrame/Dead/Dead_head.uasset" 19
"../../../../Projects/Second_test 4.19/Content/2DSideScroller/Blueprints/Robot/Widget_HUD.uasset" 20
"../../../../Projects/Second_test 4.19/Content/2DSideScroller/Blueprints/Robot/RobotHUD.uasset" 21
"../../../../Projects/Second_test 4.19/Content/2DSideScroller/Blueprints/Robot/Respawn_GameMode.uasset" 22
"../../../../Projects/Second_test 4.19/Content/2DSideScroller/Blueprints/Robot/WeaponStruct.uasset" 23
"../../../../Projects/Second_test 4.19/Content/2DSideScroller/Blueprints/Robot/WeaponData.uasset" 24
"../../../../Projects/Second_test 4.19/Content/2DSideScroller/Blueprints/Robot/DlgData.uasset" 25
"../../../../Projects/Second_test 4.19/Content/2DSideScroller/Sprites/RobotCharacter/ClimbSprite/Climb/Climb.uasset" 26
"../../../../Projects/Second_test 4.19/Content/2DSideScroller/Sprites/RobotCharacter/ClimbSprite/Climb/Croach_Sprite1.uasset" 27
"../../../../Projects/Second_test 4.19/Content/2DSideScroller/Sprites/RobotCharacter/ClimbSprite/Climb/Croach_Sprite2.uasset" 28
"../../../../Projects/Second_test 4.19/Content/2DSideScroller/Sprites/RobotCharacter/ClimbSprite/Climb/Croach_Sprite3.uasset" 29
"../../../../Projects/Second_test 4.19/Content/2DSideScroller/Sprites/RobotCharacter/ClimbSprite/Climb/Croach_Sprite4.uasset" 30
"../../../../Projects/Second_test 4.19/Content/2DSideScroller/Sprites/RobotCharacter/ClimbSprite/Climb/Croach_Sprite5.uasset" 31
"../../../../Projects/Second_test 4.19/Content/2DSideScroller/Sprites/RobotCharacter/ClimbSprite/Climb/Croach_Sprite6.uasset" 32
"../../../../Projects/Second_test 4.19/Content/2DSideScroller/Sprites/RobotCharacter/ClimbSprite/Climb/Croach_Sprite7.uasset" 33
"../../../../Projects/Second_test 4.19/Content/2DSideScroller/Sprites/RobotCharacter/ClimbSprite/Climb/Croach_Sprite8.uasset" 34
"../../../../Projects/Second_test 4.19/Content/2DSideScroller/Animations/Robot/Climb.uasset" 35
"../../../../Projects/Second_test 4.19/Content/2DSideScroller/Sprites/RobotCharacter/DeadFrame/Dead/Dead.uasset" 36
"../../../../Projects/Second_test 4.19/Content/2DSideScroller/Sprites/RobotCharacter/DeadFrame/Dead/Dead_Sprite1.uasset" 37
"../../../../Projects/Second_test 4.19/Content/2DSideScroller/Animations/Robot/Dead.uasset" 38
"../../../../Projects/Second_test 4.19/Content/2DSideScroller/Sprites/RobotCharacter/JumpFrame/Falling/Fall.uasset" 39
"../../../../Projects/Second_test 4.19/Content/2DSideScroller/Sprites/RobotCharacter/JumpFrame/Falling/Fall_Sprite1.uasset" 40
"../../../../Projects/Second_test 4.19/Content/2DSideScroller/Sprites/RobotCharacter/JumpFrame/Falling/Fall_Sprite2.uasset" 41
"../../../../Projects/Second_test 4.19/Content/2DSideScroller/Sprites/RobotCharacter/JumpFrame/Falling/Fall_Sprite3.uasset" 42
"../../../../Projects/Second_test 4.19/Content/2DSideScroller/Sprites/RobotCharacter/JumpFrame/Falling/Fall_Sprite4.uasset" 43
"../../../../Projects/Second_test 4.19/Content/2DSideScroller/Animations/Robot/Fall.uasset" 44
"../../../../Projects/Second_test 4.19/Content/2DSideScroller/Sprites/RobotCharacter/HitFrame/Hit/Hit_rev.uasset" 45
"../../../../Projects/Second_test 4.19/Content/2DSideScroller/Sprites/RobotCharacter/HitFrame/Hit/Hit_rev_Sprite1.uasset" 46
"../../../../Projects/Second_test 4.19/Content/2DSideScroller/Sprites/RobotCharacter/HitFrame/Hit/Hit_rev_Sprite2.uasset" 47
"../../../../Projects/Second_test 4.19/Content/2DSideScroller/Animations/Robot/Hit_rev.uasset" 48
"../../../../Projects/Second_test 4.19/Content/2DSideScroller/Sprites/RobotCharacter/IdleFrames/Idle/Idle.uasset" 49
"../../../../Projects/Second_test 4.19/Content/2DSideScroller/Sprites/RobotCharacter/IdleFrames/Idle/Idle_Sprite1.uasset" 50
"../../../../Projects/Second_test 4.19/Content/2DSideScroller/Sprites/RobotCharacter/IdleFrames/Idle/Idle_Sprite2.uasset" 51
"../../../../Projects/Second_test 4.19/Content/2DSideScroller/Sprites/RobotCharacter/IdleFrames/Idle/Idle_Sprite3.uasset" 52
"../../../../Projects/Second_test 4.19/Content/2DSideScroller/Sprites/RobotCharacter/IdleFrames/Idle/Idle_Sprite4.uasset" 53
"../../../../Projects/Second_test 4.19/Content/2DSideScroller/Sprites/RobotCharacter/IdleFrames/Idle/Idle_Sprite5.uasset" 54
"../../../../Projects/Second_test 4.19/Content/2DSideScroller/Sprites/RobotCharacter/IdleFrames/Idle/Idle_Sprite6.uasset" 55
"../../../../Projects/Second_test 4.19/Content/2DSideScroller/Sprites/RobotCharacter/IdleFrames/Idle/Idle_Sprite7.uasset" 56
"../../../../Projects/Second_test 4.19/Content/2DSideScroller/Sprites/RobotCharacter/IdleFrames/Idle/Idle_Sprite8.uasset" 57
"../../../../Projects/Second_test 4.19/Content/2DSideScroller/Sprites/RobotCharacter/IdleFrames/Idle/Idle_Sprite9.uasset" 58
"../../../../Projects/Second_test 4.19/Content/2DSideScroller/Animations/Robot/Idle.uasset" 59
"../../../../Projects/Second_test 4.19/Content/2DSideScroller/Sprites/RobotCharacter/JumpFrame/Jumping/Jump.uasset" 60
"../../../../Projects/Second_test 4.19/Content/2DSideScroller/Sprites/RobotCharacter/JumpFrame/Jumping/Jump_Sprite1.uasset" 61
"../../../../Projects/Second_test 4.19/Content/2DSideScroller/Sprites/RobotCharacter/JumpFrame/Jumping/Jump_Sprite2.uasset" 62
"../../../../Projects/Second_test 4.19/Content/2DSideScroller/Sprites/RobotCharacter/JumpFrame/Jumping/Jump_Sprite3.uasset" 63
"../../../../Projects/Second_test 4.19/Content/2DSideScroller/Sprites/RobotCharacter/JumpFrame/Jumping/Jump_Sprite4.uasset" 64
"../../../../Projects/Second_test 4.19/Content/2DSideScroller/Animations/Robot/Jump.uasset" 65
"../../../../Projects/Second_test 4.19/Content/2DSideScroller/Sprites/RobotCharacter/RunFrames/Run/Run.uasset" 66
"../../../../Projects/Second_test 4.19/Content/2DSideScroller/Sprites/RobotCharacter/RunFrames/Run/Run_Sprite1.uasset" 67
"../../../../Projects/Second_test 4.19/Content/2DSideScroller/Sprites/RobotCharacter/RunFrames/Run/Run_Sprite2.uasset" 68
"../../../../Projects/Second_test 4.19/Content/2DSideScroller/Sprites/RobotCharacter/RunFrames/Run/Run_Sprite3.uasset" 69
"../../../../Projects/Second_test 4.19/Content/2DSideScroller/Sprites/RobotCharacter/RunFrames/Run/Run_Sprite4.uasset" 70
"../../../../Projects/Second_test 4.19/Content/2DSideScroller/Sprites/RobotCharacter/RunFrames/Run/Run_Sprite5.uasset" 71
"../../../../Projects/Second_test 4.19/Content/2DSideScroller/Sprites/RobotCharacter/RunFrames/Run/Run_Sprite6.uasset" 72
"../../../../Projects/Second_test 4.19/Content/2DSideScroller/Sprites/RobotCharacter/RunFrames/Run/Run_Sprite7.uasset" 73
"../../../../Projects/Second_test 4.19/Content/2DSideScroller/Sprites/RobotCharacter/RunFrames/Run/Run_Sprite8.uasset" 74
"../../../../Projects/Second_test 4.19/Content/2DSideScroller/Animations/Robot/Run.uasset" 75
"../../../../Projects/Second_test 4.19/Content/2DSideScroller/Sprites/RobotCharacter/ShootingFrame/Shooting/shooting.uasset" 76
"../../../../Projects/Second_test 4.19/Content/2DSideScroller/Sprites/RobotCharacter/ShootingFrame/Shooting/shooting_Sprite.uasset" 77
"../../../../Projects/Second_test 4.19/Content/2DSideScroller/Animations/Robot/Shooting.uasset" 78
"../../../../Projects/Second_test 4.19/Content/2DSideScroller/Sprites/RobotCharacter/ShootingFrame/Shooting_walk/Shooting_walk.uasset" 79
"../../../../Projects/Second_test 4.19/Content/2DSideScroller/Sprites/RobotCharacter/ShootingFrame/Shooting_walk/Shooting_walk_Sprite1.uasset" 80
"../../../../Projects/Second_test 4.19/Content/2DSideScroller/Sprites/RobotCharacter/ShootingFrame/Shooting_walk/Shooting_walk_Sprite2.uasset" 81
"../../../../Projects/Second_test 4.19/Content/2DSideScroller/Sprites/RobotCharacter/ShootingFrame/Shooting_walk/Shooting_walk_Sprite3.uasset" 82
"../../../../Projects/Second_test 4.19/Content/2DSideScroller/Sprites/RobotCharacter/ShootingFrame/Shooting_walk/Shooting_walk_Sprite4.uasset" 83
"../../../../Projects/Second_test 4.19/Content/2DSideScroller/Sprites/RobotCharacter/ShootingFrame/Shooting_walk/Shooting_walk_Sprite5.uasset" 84
"../../../../Projects/Second_test 4.19/Content/2DSideScroller/Sprites/RobotCharacter/ShootingFrame/Shooting_walk/Shooting_walk_Sprite6.uasset" 85
"../../../../Projects/Second_test 4.19/Content/2DSideScroller/Sprites/RobotCharacter/ShootingFrame/Shooting_walk/Shooting_walk_Sprite7.uasset" 86
"../../../../Projects/Second_test 4.19/Content/2DSideScroller/Animations/Robot/Shooting_walk.uasset" 87
"../../../../Projects/Second_test 4.19/Content/2DSideScroller/Blueprints/Robot/DlgWidget.uasset" 88
"../../../../Projects/Second_test 4.19/Content/2DSideScroller/Blueprints/Robot/Positions.uasset" 89
"../../../../Projects/Second_test 4.19/Content/2DSideScroller/Blueprints/Robot/Widget_Death.uasset" 90
"../../../../Projects/Second_test 4.19/Content/2DSideScroller/Blueprints/Robot/Widget_Pause.uasset" 91
"../../../../Projects/Second_test 4.19/Content/2DSideScroller/Blueprints/Robot/Widget_Victory.uasset" 92
"../../../../Projects/Second_test 4.19/Content/2DSideScroller/Sprites/RobotCharacter/WalkFrame/Walk/Walk.uasset" 93
"../../../../Projects/Second_test 4.19/Content/2DSideScroller/Sprites/RobotCharacter/WalkFrame/Walk/Walk_Sprite1.uasset" 94
"../../../../Projects/Second_test 4.19/Content/2DSideScroller/Sprites/RobotCharacter/WalkFrame/Walk/Walk_Sprite2.uasset" 95
"../../../../Projects/Second_test 4.19/Content/2DSideScroller/Sprites/RobotCharacter/WalkFrame/Walk/Walk_Sprite3.uasset" 96
"../../../../Projects/Second_test 4.19/Content/2DSideScroller/Sprites/RobotCharacter/WalkFrame/Walk/Walk_Sprite4.uasset" 97
"../../../../Projects/Second_test 4.19/Content/2DSideScroller/Sprites/RobotCharacter/WalkFrame/Walk/Walk_Sprite5.uasset" 98
"../../../../Projects/Second_test 4.19/Content/2DSideScroller/Sprites/RobotCharacter/WalkFrame/Walk/Walk_Sprite6.uasset" 99
"../../../../Projects/Second_test 4.19/Content/2DSideScroller/Sprites/RobotCharacter/WalkFrame/Walk/Walk_Sprite7.uasset" 100
"../../../../Projects/Second_test 4.19/Content/2DSideScroller/Sprites/RobotCharacter/WalkFrame/Walk/Walk4.uasset" 101
"../../../../Projects/Second_test 4.19/Content/2DSideScroller/Blueprints/Robot/BP_RobotMain.uasset" 102
"../../../../Projects/Second_test 4.19/Content/2DSideScroller/Blueprints/Robot/DeathGameController.uasset" 103
"../../../../Projects/Second_test 4.19/Content/2DSideScrollerBP/Blueprints/2DSideScrollerGameMode.uasset" 104
"../../Plugins/Marketplace/DlgSystem/Content/TestDialogue.uasset" 105
"../../../Engine/Content/ArtTools/RenderToTexture/Enums/RenderToTexture_Enum.uasset" 106
"../../../Engine/Content/ArtTools/RenderToTexture/Enums/RenderToTexture_Flipbook_Enum.uasset" 107
"../../../Engine/Content/ArtTools/RenderToTexture/Enums/RenderToTexture_Imposter_Enum.uasset" 108
"../../../Engine/Content/ArtTools/RenderToTexture/Enums/EIntTypes.uasset" 109
"../../../Engine/Content/ArtTools/RenderToTexture/Macros/RenderToTextureFunctionLibrary.uasset" 110
"../../../Engine/Content/ArtTools/RenderToTexture/Enums/EFloatTypes.uasset" 111
"../../../Engine/Content/ArtTools/RenderToTexture/Macros/RenderToTextureMacros.uasset" 112
"../../../Engine/Content/Functions/Engine_MaterialFunctions01/Opacity/CameraDepthFade.uasset" 113
"../../../Engine/Content/EngineMaterials/T_Default_Material_Grid_M.uasset" 114
"../../../Engine/Content/EngineMaterials/T_Default_Material_Grid_N.uasset" 115
"../../../Engine/Content/EngineMaterials/WorldGridMaterial.uasset" 116
"../../../Engine/Content/ArtTools/RenderToTexture/Meshes/S_1_Unit_Plane.uasset" 117
"../../../Engine/Content/EngineMaterials/DefaultMaterial.uasset" 118
"../../../Engine/Content/BasicShapes/Cone.uasset" 119
"../../../Engine/Content/BasicShapes/Cube.uasset" 120
"../../../Engine/Content/BasicShapes/Plane.uasset" 121
"../../../Engine/Content/BasicShapes/Sphere.uasset" 122
"../../../Engine/Content/EngineMaterials/DefaultPhysicalMaterial.uasset" 123
"../../../Engine/Content/BufferVisualization/AmbientOcclusion.uasset" 124
"../../../Engine/Content/BufferVisualization/BaseColor.uasset" 125
"../../../Engine/Content/BufferVisualization/CustomDepth.uasset" 126
"../../../Engine/Content/Functions/Engine_MaterialFunctions02/Utility/VectorLength.uasset" 127
"../../../Engine/Content/BufferVisualization/CustomDepthWorldUnits.uasset" 128
"../../../Engine/Content/Functions/Engine_MaterialFunctions02/Utility/BreakOutFloat2Components.uasset" 129
"../../../Engine/Content/Functions/Engine_MaterialFunctions01/Texturing/ScaleUVsByCenter.uasset" 130
"../../../Engine/Content/Functions/Engine_MaterialFunctions02/ScreenResolution.uasset" 131
"../../../Engine/Content/Functions/Engine_MaterialFunctions02/Texturing/ScreenAlignedUVs.uasset" 132
"../../../Engine/Content/Functions/Engine_MaterialFunctions02/Utility/MakeFloat2.uasset" 133
"../../../Engine/Content/Functions/Engine_MaterialFunctions02/Utility/MakeFloat3.uasset" 134
"../../../Engine/Content/EngineMaterials/MiniFont.uasset" 135
"../../../Engine/Content/BufferVisualization/CustomStencil.uasset" 136
"../../../Engine/Content/BufferVisualization/FinalImage.uasset" 137
"../../../Engine/Content/BufferVisualization/LightingModel.uasset" 138
"../../../Engine/Content/BufferVisualization/MaterialAO.uasset" 139
"../../../Engine/Content/BufferVisualization/Metallic.uasset" 140
"../../../Engine/Content/BufferVisualization/Opacity.uasset" 141
"../../../Engine/Content/BufferVisualization/PostTonemapHDRColor.uasset" 142
"../../../Engine/Content/BufferVisualization/PreTonemapHDRColor.uasset" 143
"../../../Engine/Content/BufferVisualization/Roughness.uasset" 144
"../../../Engine/Content/BufferVisualization/SceneColor.uasset" 145
"../../../Engine/Content/BufferVisualization/SceneDepth.uasset" 146
"../../../Engine/Content/BufferVisualization/SceneDepthWorldUnits.uasset" 147
"../../../Engine/Content/BufferVisualization/SeparateTranslucencyA.uasset" 148
"../../../Engine/Content/BufferVisualization/SeparateTranslucencyRGB.uasset" 149
"../../../Engine/Content/BufferVisualization/Specular.uasset" 150
"../../../Engine/Content/BufferVisualization/SubsurfaceColor.uasset" 151
"../../../Engine/Content/BufferVisualization/WorldNormal.uasset" 152
"../../../Engine/Content/EditorBlueprintResources/ActorMacros.uasset" 153
"../../../Engine/Content/EditorLandscapeResources/DataLayer.uasset" 154
"../../../Engine/Content/EditorLandscapeResources/DefaultAlphaTexture.uasset" 155
"../../../Engine/Content/EditorLandscapeResources/LandscapeGizmoHeight_Mat.uasset" 156
"../../../Engine/Content/EditorLandscapeResources/LandscapeGizmo_Mat.uasset" 157
"../../../Engine/Content/EditorLandscapeResources/LandscapeGizmo_Mat_Copied.uasset" 158
"../../../Engine/Content/EditorLandscapeResources/SplineEditorMeshMat.uasset" 159
"../../../Engine/Content/EditorLandscapeResources/SplineEditorMesh.uasset" 160
"../../../Engine/Content/EditorMaterials/Cross.uasset" 161
"../../../Engine/Content/EditorMaterials/Cross_Mat.uasset" 162
"../../../Engine/Content/EditorMaterials/GizmoMaterial.uasset" 163
"../../../Engine/Content/Functions/Engine_MaterialFunctions02/Utility/Sign.uasset" 164
"../../../Engine/Content/Functions/Engine_MaterialFunctions02/Utility/Round.uasset" 165
"../../../Engine/Content/Functions/Engine_MaterialFunctions02/ExampleContent/Textures/flipbook.uasset" 166
"../../../Engine/Content/Functions/Engine_MaterialFunctions02/Texturing/FlipBook.uasset" 167
"../../../Engine/Content/EditorResources/T_EditorHelp.uasset" 168
"../../../Engine/Content/EditorMaterials/HelpActorMaterial.uasset" 169
"../../../Engine/Content/EditorMaterials/CompositeARGBLayer.uasset" 170
"../../../Engine/Content/EditorMaterials/TilingAALineIntegral.uasset" 171
"../../../Engine/Content/EditorMaterials/TilingAALineBoxFiltered.uasset" 172
"../../../Engine/Content/Functions/Engine_MaterialFunctions03/Procedurals/ComputeFilterWidth.uasset" 173
"../../../Engine/Content/EditorMaterials/TilingAADots.uasset" 174
"../../../Engine/Content/EditorMaterials/Cascade/CASC_Cross.uasset" 175
"../../../Engine/Content/EditorMaterials/Cascade/CASC_None.uasset" 176
"../../../Engine/Content/Functions/Engine_MaterialFunctions03/Blends/Blend_Screen.uasset" 177
"../../../Engine/Content/EditorMaterials/TilingAAGrid.uasset" 178
"../../../Engine/Content/EditorMaterials/LevelGridMaterial.uasset" 179
"../../../Engine/Content/EditorMaterials/MakeCompositeARGBLayer.uasset" 180
"../../../Engine/Content/EditorResources/LevelGrid1DStripes.uasset" 181
"../../../Engine/Content/EditorMaterials/TextureGridCascaded1D.uasset" 182
"../../../Engine/Content/EditorMaterials/TextureGridCascaded2D.uasset" 183
"../../../Engine/Content/EditorMaterials/LevelGridMaterial2.uasset" 184
"../../../Engine/Content/EditorMaterials/MAT_Groups_Toggle.uasset" 185
"../../../Engine/Content/EditorMaterials/MAT_Groups_Visibility.uasset" 186
"../../../Engine/Content/EditorMaterials/AntialiasedGridFloor.uasset" 187
"../../../Engine/Content/EditorResources/TilePatine_D.uasset" 188
"../../../Engine/Content/EditorResources/TilePatine_N.uasset" 189
"../../../Engine/Content/EngineMaterials/Grid.uasset" 190
"../../../Engine/Content/EditorMaterials/PersonaFloorMat.uasset" 191
"../../../Engine/Content/EditorMaterials/PhAT_BoneSelectedMaterial.uasset" 192
"../../../Engine/Content/EditorMaterials/PhAT_ElemSelectedMaterial.uasset" 193
"../../../Engine/Content/EditorMaterials/PhAT_NoCollisionMaterial.uasset" 194
"../../../Engine/Content/EditorMaterials/PhAT_UnselectedMaterial.uasset" 195
"../../../Engine/Content/EditorMaterials/PreviewShadowIndicator.uasset" 196
"../../../Engine/Content/EditorMaterials/PreviewShadowIndicatorMaterial.uasset" 197
"../../../Engine/Content/EditorMaterials/TargetIcon.uasset" 198
"../../../Engine/Content/EditorMaterials/Tick.uasset" 199
"../../../Engine/Content/EditorMaterials/Tick_Mat.uasset" 200
"../../../Engine/Content/EditorMaterials/WidgetGridVertexColorMaterial.uasset" 201
"../../../Engine/Content/EditorMaterials/WidgetGridVertexColorMaterial_Ma.uasset" 202
"../../../Engine/Content/EditorMaterials/WidgetMaterial.uasset" 203
"../../../Engine/Content/EditorMaterials/WidgetMaterial_Current.uasset" 204
"../../../Engine/Content/EditorMaterials/WidgetMaterial_X.uasset" 205
"../../../Engine/Content/EditorMaterials/WidgetMaterial_Y.uasset" 206
"../../../Engine/Content/EditorMaterials/WidgetMaterial_Z.uasset" 207
"../../../Engine/Content/EditorMaterials/WidgetVertexColorMaterial.uasset" 208
"../../../Engine/Content/EditorMaterials/MatineeGroups/MAT_ColorTrack.uasset" 209
"../../../Engine/Content/EditorMaterials/MatineeGroups/MAT_Groups_Anim.uasset" 210
"../../../Engine/Content/EditorMaterials/MatineeGroups/MAT_Groups_AudioMaster.uasset" 211
"../../../Engine/Content/EditorMaterials/MatineeGroups/MAT_Groups_Director.uasset" 212
"../../../Engine/Content/EditorMaterials/MatineeGroups/MAT_Groups_Event.uasset" 213
"../../../Engine/Content/EditorMaterials/MatineeGroups/MAT_Groups_Fade.uasset" 214
"../../../Engine/Content/EditorMaterials/MatineeGroups/MAT_Groups_Float.uasset" 215
"../../../Engine/Content/EditorMaterials/MatineeGroups/MAT_Groups_Move.uasset" 216
"../../../Engine/Content/EditorMaterials/MatineeGroups/MAT_Groups_Slomo.uasset" 217
"../../../Engine/Content/EditorMaterials/MatineeGroups/MAT_Groups_Sound.uasset" 218
"../../../Engine/Content/EditorMaterials/MatineeGroups/MAT_Groups_Vector.uasset" 219
"../../../Engine/Content/EditorMaterials/ParticleSystems/PSysThumbnail_NoImage.uasset" 220
"../../../Engine/Content/EditorMaterials/ParticleSystems/PSysThumbnail_OOD.uasset" 221
"../../../Engine/Content/EditorMaterials/Thumbnails/FloorPlaneMaterial.uasset" 222
"../../../Engine/Content/EditorMeshes/EditorCube.uasset" 223
"../../../Engine/Content/EditorMeshes/EditorCylinder.uasset" 224
"../../../Engine/Content/EditorMeshes/EditorPlane.uasset" 225
"../../../Engine/Content/EditorMaterials/Thumbnails/SkySphereMaterial.uasset" 226
"../../../Engine/Content/EditorMeshes/EditorSkySphere.uasset" 227
"../../../Engine/Content/EditorMeshes/EditorSphere.uasset" 228
"../../../Engine/Content/EditorResources/MatineeCam_D.uasset" 229
"../../../Engine/Content/EditorMaterials/MatineeCam_mat.uasset" 230
"../../../Engine/Content/EditorMeshes/MatineeCam_SM.uasset" 231
"../../../Engine/Content/Functions/Engine_MaterialFunctions01/Shading/ConvertFromDiffSpec.uasset" 232
"../../../Engine/Content/EditorMaterials/GridMaterial.uasset" 233
"../../../Engine/Content/EditorMeshes/PhAT_FloorBox.uasset" 234
"../../../Engine/Content/EditorMaterials/Camera/CineMat.uasset" 235
"../../../Engine/Content/EditorMaterials/Camera/MI_CineMat_CameraBody.uasset" 236
"../../../Engine/Content/EngineDebugMaterials/M_SimpleOpaque.uasset" 237
"../../../Engine/Content/EditorMaterials/Camera/MI_CineMat_CamViewFinder.uasset" 238
"../../../Engine/Content/EditorMeshes/Camera/SM_CineCam.uasset" 239
"../../../Engine/Content/EditorMaterials/Camera/MI_CineMat_Rig.uasset" 240
"../../../Engine/Content/EditorMeshes/Camera/SM_CraneRig_Arm.uasset" 241
"../../../Engine/Content/EditorMeshes/Camera/SM_CraneRig_Base.uasset" 242
"../../../Engine/Content/EditorMeshes/Camera/SM_CraneRig_Body.uasset" 243
"../../../Engine/Content/EditorMeshes/Camera/SM_CraneRig_Mount.uasset" 244
"../../../Engine/Content/EditorMeshes/Camera/SM_RailRig_Mount.uasset" 245
"../../../Engine/Content/EditorMeshes/Camera/SM_RailRig_Track.uasset" 246
"../../../Engine/Content/EditorMeshes/ColorCalibrator/M_ChromeBall.uasset" 247
"../../../Engine/Content/EditorMeshes/ColorCalibrator/M_ClearCoat.uasset" 248
"../../../Engine/Content/EditorMeshes/ColorCalibrator/M_ClearCoatBlack.uasset" 249
"../../../Engine/Content/EditorMeshes/ColorCalibrator/Color_checker.uasset" 250
"../../../Engine/Content/EditorMeshes/ColorCalibrator/M_ColorGrid.uasset" 251
"../../../Engine/Content/EditorMeshes/ColorCalibrator/M_GreyBall.uasset" 252
"../../../Engine/Content/EditorMeshes/ColorCalibrator/SM_ColorCalibrator.uasset" 253
"../../../Engine/Content/EditorResources/Bad.uasset" 254
"../../../Engine/Content/EditorResources/BSPVertex.uasset" 255
"../../../Engine/Content/EditorResources/EmptyActor.uasset" 256
"../../../Engine/Content/EditorResources/MatInstActSprite.uasset" 257
"../../../Engine/Content/EditorResources/SceneManager.uasset" 258
"../../../Engine/Content/EditorResources/SmallFont.uasset" 259
"../../../Engine/Content/EditorResources/S_Actor.uasset" 260
"../../../Engine/Content/EditorResources/S_DecalActorIcon.uasset" 261
"../../../Engine/Content/EditorResources/S_Emitter.uasset" 262
"../../../Engine/Content/EditorResources/S_ExpoHeightFog.uasset" 263
"../../../Engine/Content/EditorResources/S_FTest.uasset" 264
"../../../Engine/Content/EditorResources/S_KBSJoint.uasset" 265
"../../../Engine/Content/EditorResources/S_KHinge.uasset" 266
"../../../Engine/Content/EditorResources/S_KPrismatic.uasset" 267
"../../../Engine/Content/EditorResources/S_LevelSequence.uasset" 268
"../../../Engine/Content/EditorResources/S_NavP.uasset" 269
"../../../Engine/Content/EditorResources/S_Note.uasset" 270
"../../../Engine/Content/EditorResources/S_Player.uasset" 271
"../../../Engine/Content/EditorResources/S_PortalActorIcon2.uasset" 272
"../../../Engine/Content/EditorResources/S_RadForce.uasset" 273
"../../../Engine/Content/EditorResources/S_ReflActorIcon.uasset" 274
"../../../Engine/Content/EditorResources/S_Terrain.uasset" 275
"../../../Engine/Content/EditorResources/S_TextRenderActorIcon.uasset" 276
"../../../Engine/Content/EditorResources/S_Thruster.uasset" 277
"../../../Engine/Content/EditorResources/S_Trigger.uasset" 278
"../../../Engine/Content/EditorResources/S_VectorFieldVol.uasset" 279
"../../../Engine/Content/EditorResources/S_WindDirectional.uasset" 280
"../../../Engine/Content/EditorResources/AI/S_NavLink.uasset" 281
"../../../Engine/Content/EditorResources/LightIcons/SkyLight.uasset" 282
"../../../Engine/Content/EditorResources/LightIcons/S_LightDirectional.uasset" 283
"../../../Engine/Content/EditorResources/LightIcons/S_LightDirectionalMove.uasset" 284
"../../../Engine/Content/EditorResources/LightIcons/S_LightError.uasset" 285
"../../../Engine/Content/EditorResources/LightIcons/S_LightPoint.uasset" 286
"../../../Engine/Content/EditorResources/LightIcons/S_LightPointMove.uasset" 287
"../../../Engine/Content/EditorResources/LightIcons/S_LightSpot.uasset" 288
"../../../Engine/Content/EditorResources/LightIcons/S_LightSpotMove.uasset" 289
"../../../Engine/Content/EditorResources/SequenceRecorder/Countdown.uasset" 290
"../../../Engine/Content/EditorResources/SequenceRecorder/RecordingIndicator.uasset" 291
"../../../Engine/Content/EditorResources/Spline/T_Loft_Spline.uasset" 292
"../../../Engine/Content/EditorSounds/Notifications/CompileFailed.uasset" 293
"../../../Engine/Content/EditorSounds/Notifications/CompileFailed_Cue.uasset" 294
"../../../Engine/Content/EditorSounds/Notifications/CompileSuccess.uasset" 295
"../../../Engine/Content/EditorSounds/Notifications/CompileStart_Cue.uasset" 296
"../../../Engine/Content/EditorSounds/Notifications/CompileSuccess_Cue.uasset" 297
"../../../Engine/Content/EngineDamageTypes/DmgTypeBP_Environmental.uasset" 298
"../../../Engine/Content/EngineDebugMaterials/HeatmapGradient.uasset" 299
"../../../Engine/Content/EngineDebugMaterials/BoneWeightMaterial.uasset" 300
"../../../Engine/Content/EngineDebugMaterials/ClothMaterial.uasset" 301
"../../../Engine/Content/EngineDebugMaterials/ClothMaterial_WF.uasset" 302
"../../../Engine/Content/EngineDebugMaterials/DebugEditorMaterial.uasset" 303
"../../../Engine/Content/EngineDebugMaterials/DebugMeshMaterial.uasset" 304
"../../../Engine/Content/EngineDebugMaterials/GeomMaterial.uasset" 305
"../../../Engine/Content/EngineDebugMaterials/LevelColorationLitMaterial.uasset" 306
"../../../Engine/Content/EngineDebugMaterials/LevelColorationUnlitMaterial.uasset" 307
"../../../Engine/Content/EngineMaterials/DefaultWhiteGrid.uasset" 308
"../../../Engine/Content/EngineDebugMaterials/MAT_LevelColorationLitLightmapUV.uasset" 309
"../../../Engine/Content/EngineDebugMaterials/M_SimpleTranslucent.uasset" 310
"../../../Engine/Content/EngineDebugMaterials/ShadedLevelColorationLitMaterial.uasset" 311
"../../../Engine/Content/EngineDebugMaterials/ShadedLevelColorationUnlitMateri.uasset" 312
"../../../Engine/Content/EngineDebugMaterials/VertexColorMaterial.uasset" 313
"../../../Engine/Content/EngineDebugMaterials/VertexColorViewMode_AlphaAsColor.uasset" 314
"../../../Engine/Content/EngineDebugMaterials/VertexColorViewMode_BlueOnly.uasset" 315
"../../../Engine/Content/EngineDebugMaterials/VertexColorViewMode_ColorOnly.uasset" 316
"../../../Engine/Content/EngineDebugMaterials/VertexColorViewMode_GreenOnly.uasset" 317
"../../../Engine/Content/EngineDebugMaterials/VertexColorViewMode_RedOnly.uasset" 318
"../../../Engine/Content/EngineDebugMaterials/WireframeMaterial.uasset" 319
"../../../Engine/Content/EngineFonts/Faces/RobotoBold.uasset" 320
"../../../Engine/Content/EngineFonts/Faces/RobotoBoldItalic.uasset" 321
"../../../Engine/Content/EngineFonts/Faces/RobotoItalic.uasset" 322
"../../../Engine/Content/EngineFonts/Faces/RobotoLight.uasset" 323
"../../../Engine/Content/EngineFonts/Faces/RobotoRegular.uasset" 324
"../../../Engine/Content/EngineFonts/Roboto.uasset" 325
"../../../Engine/Content/EngineFonts/Faces/RobotoTiny.uasset" 326
"../../../Engine/Content/EngineFonts/RobotoTiny.uasset" 327
"../../../Engine/Content/EngineFonts/SmallFont.uasset" 328
"../../../Engine/Content/EngineFonts/TinyFont.uasset" 329
"../../../Engine/Content/EngineResources/WhiteSquareTexture.uasset" 330
"../../../Engine/Content/EngineMaterials/BlinkingCaret.uasset" 331
"../../../Engine/Content/EngineMaterials/DefaultBloomKernel.uasset" 332
"../../../Engine/Content/EngineMaterials/DefaultBokeh.uasset" 333
"../../../Engine/Content/EngineMaterials/DefaultDiffuse.uasset" 334
"../../../Engine/Content/EngineMaterials/DefaultDeferredDecalMaterial.uasset" 335
"../../../Engine/Content/EngineMaterials/DefaultLightFunctionMaterial.uasset" 336
"../../../Engine/Content/EngineMaterials/DefaultNormal.uasset" 337
"../../../Engine/Content/EngineMaterials/DefaultPostProcessMaterial.uasset" 338
"../../../Engine/Content/EngineFonts/RobotoDistanceField.uasset" 339
"../../../Engine/Content/EngineMaterials/DefaultTextMaterialOpaque.uasset" 340
"../../../Engine/Content/EngineMaterials/EditorBrushMaterial.uasset" 341
"../../../Engine/Content/EngineMaterials/Good64x64TilingNoiseHighFreq.uasset" 342
"../../../Engine/Content/EngineMaterials/Grid_N.uasset" 343
"../../../Engine/Content/EngineMaterials/HighResolutionScreenshotMaskFunction.uasset" 344
"../../../Engine/Content/EngineMaterials/HighResScreenshot.uasset" 345
"../../../Engine/Content/EngineMaterials/HighResScreenshotCaptureRegion.uasset" 346
"../../../Engine/Content/EngineMaterials/HighResScreenshotMask.uasset" 347
"../../../Engine/Content/EngineMaterials/LandscapeHolePhysicalMaterial.uasset" 348
"../../../Engine/Content/EngineMaterials/InvalidLightmapSettings.uasset" 349
"../../../Engine/Content/EngineMaterials/M_InvalidLightmapSettings.uasset" 350
"../../../Engine/Content/EngineMaterials/PaperDiffuse.uasset" 351
"../../../Engine/Content/EngineMaterials/PaperNormal.uasset" 352
"../../../Engine/Content/Functions/Engine_MaterialFunctions02/WorldPositionOffset/CameraOffset.uasset" 353
"../../../Engine/Content/EngineMaterials/PhAT_JointLimitMaterial.uasset" 354
"../../../Engine/Content/EngineMaterials/PhysMat_Rubber.uasset" 355
"../../../Engine/Content/EngineMaterials/PreintegratedSkinBRDF.uasset" 356
"../../../Engine/Content/EngineMaterials/RemoveSurfaceMaterial.uasset" 357
"../../../Engine/Content/EngineMaterials/WeightMapPlaceholderTexture.uasset" 358
"../../../Engine/Content/EngineMaterials/Widget3DPassThrough.uasset" 359
"../../../Engine/Content/EngineMaterials/Widget3DPassThrough_Masked.uasset" 360
"../../../Engine/Content/EngineMaterials/Widget3DPassThrough_Opaque.uasset" 361
"../../../Engine/Content/EngineMaterials/Widget3DPassThrough_Masked_OneSided.uasset" 362
"../../../Engine/Content/EngineMaterials/Widget3DPassThrough_Opaque_OneSided.uasset" 363
"../../../Engine/Content/EngineMaterials/Widget3DPassThrough_Translucent.uasset" 364
"../../../Engine/Content/EngineMaterials/Widget3DPassThrough_Translucent_OneSided.uasset" 365
"../../../Engine/Content/EngineMeshes/Cube.uasset" 366
"../../../Engine/Content/EngineMeshes/Cylinder.uasset" 367
"../../../Engine/Content/EngineMeshes/Sphere.uasset" 368
"../../../Engine/Content/EngineResources/Black.uasset" 369
"../../../Engine/Content/EngineResources/DefaultTexture.uasset" 370
"../../../Engine/Content/EngineResources/DefaultTextureCube.uasset" 371
"../../../Engine/Content/EngineResources/GradientTexture0.uasset" 372
"../../../Engine/Content/EngineResources/StreamingPauseIcon.uasset" 373
"../../../Engine/Content/EngineResources/M_StreamingPause.uasset" 374
"../../../Engine/Content/EngineSounds/Master.uasset" 375
"../../../Engine/Content/Functions/Engine_MaterialFunctions01/Shading/PowerToRoughness.uasset" 376
"../../../Engine/Content/Maps/Templates/Thumbnails/Default.uasset" 377
"../../../Engine/Content/Maps/Templates/Thumbnails/VR-Basic.uasset" 378
"../../../Engine/Content/MapTemplates/Sky/DaylightAmbientCubemap.uasset" 379
"../../../Engine/Content/MobileResources/T_MobileControls_texture.uasset" 380
"../../../Engine/Content/MobileResources/T_MobileMenu2.uasset" 381
"../../../Engine/Content/MobileResources/HUD/AnalogHat.uasset" 382
"../../../Engine/Content/MobileResources/HUD/VirtualJoystick_Background.uasset" 383
"../../../Engine/Content/MobileResources/HUD/VirtualJoystick_Thumb.uasset" 384
"../../../Engine/Content/MobileResources/HUD/DefaultVirtualJoysticks.uasset" 385
"../../../Engine/Content/MobileResources/HUD/LeftVirtualJoystickOnly.uasset" 386
"../../../Engine/Content/MobileResources/HUD/MobileHUDButton1_off.uasset" 387
"../../../Engine/Content/MobileResources/HUD/MobileHUDButton1_on.uasset" 388
"../../../Engine/Content/MobileResources/HUD/MobileHUDButton2_off.uasset" 389
"../../../Engine/Content/MobileResources/HUD/MobileHUDButton2_on.uasset" 390
"../../../Engine/Content/MobileResources/HUD/MobileHUDButton3.uasset" 391
"../../../Engine/Content/MobileResources/HUD/MobileHUDButtonFire.uasset" 392
"../../../Engine/Content/MobileResources/HUD/MobileHUDDirectionPad.uasset" 393
"../../../Engine/Content/MobileResources/HUD/MobileHUDDirectionPad2.uasset" 394
"../../../Engine/Content/MobileResources/HUD/MobileHUDDirectionPad3.uasset" 395
"../../../Engine/Content/MobileResources/HUD/MobileHUDDirectionStick.uasset" 396
"../../../Engine/Content/MobileResources/HUD/T_Castle_ThumbstickInner.uasset" 397
"../../../Engine/Content/MobileResources/HUD/T_Castle_ThumbstickOutter.uasset" 398
"../../../Engine/Content/Tutorial/ContentIntroCurve.uasset" 399
"../../../Engine/Content/Tutorial/Basics/TutorialAssets/icon_tab_Levels_40x.uasset" 400
"../../../Engine/Content/Tutorial/BlueprintTutorials/TutorialAssets/BlueprintInterface_64x.uasset" 401
"../../../Engine/Content/Tutorial/BlueprintTutorials/TutorialAssets/BlueprintMacroLibrary_64x.uasset" 402
"../../../Engine/Content/Tutorial/BlueprintTutorials/TutorialAssets/Blueprint_64x.uasset" 403
"../../../Engine/Content/Tutorial/BlueprintTutorials/TutorialAssets/Tutorial_BP_Interface.uasset" 404
"../../../Engine/Content/Tutorial/Foliage/TutorialAssets/Foliage.uasset" 405
"../../../Engine/Content/Tutorial/Landscape/TutorialAssets/Landscape.uasset" 406
"../../../Engine/Content/Tutorial/Paper2D/TutorialAssets/Paper2DFlipbook_TutorialIcon.uasset" 407
"../../../Engine/Content/Tutorial/Paper2D/TutorialAssets/Paper2DSprite_TutorialIcon.uasset" 408
"../../../Engine/Content/Tutorial/SubEditors/TutorialAssets/icon_Editor_Preferences_General_40x.uasset" 409
"../../../Engine/Content/Tutorial/SubEditors/TutorialAssets/icon_ShowSkeletalMeshes_40x.uasset" 410
"../../../Engine/Content/Tutorial/SubEditors/TutorialAssets/TutorialMaterial.uasset" 411
"../../../Engine/Content/Tutorial/SubEditors/TutorialAssets/T_SmokeSubUV_8X8.uasset" 412
"../../../Engine/Content/Tutorial/SubEditors/TutorialAssets/T_soft_smoke.uasset" 413
"../../../Engine/Content/Tutorial/SubEditors/TutorialAssets/M_smoke_subUV_blackbody.uasset" 414
"../../../Engine/Content/Tutorial/SubEditors/TutorialAssets/TutorialParticleSystem.uasset" 415
"../../../Engine/Content/VREditor/Devices/Generic/GenericHMDMaterial.uasset" 416
"../../../Engine/Content/VREditor/Devices/Generic/GenericHMD.uasset" 417
"../../../Engine/Content/Functions/Engine_MaterialFunctions02/Utility/BreakOutFloat3Components.uasset" 418
"../../../Engine/Content/VREditor/Devices/Vive/VivePreController_MasksB.uasset" 419
"../../../Engine/Content/VREditor/Devices/Oculus/OculusControllerMaterial.uasset" 420
"../../../Engine/Content/VREditor/Devices/Oculus/OculusControllerMaterial_Inst.uasset" 421
"../../../Engine/Content/VREditor/Devices/Oculus/OculusControllerMesh.uasset" 422
"../../../Engine/Content/VREditor/Devices/Vive/T_VivePreController_EM.uasset" 423
"../../../Engine/Content/VREditor/Devices/Vive/VivePreController_MasksA.uasset" 424
"../../../Engine/Content/VREditor/Devices/Vive/VivePreControllerDiffuse.uasset" 425
"../../../Engine/Content/VREditor/Devices/Vive/VivePreControllerSpec.uasset" 426
"../../../Engine/Content/VREditor/LaserPointer/VR_LaserPower_01.uasset" 427
"../../../Engine/Content/VREditor/Devices/Vive/VivePreControllerMaterial.uasset" 428
"../../../Engine/Content/VREditor/Devices/Vive/VivePreControllerMaterial_Inst.uasset" 429
"../../../Engine/Content/VREditor/Devices/Vive/VivePreControllerMesh.uasset" 430
"../../../Engine/Content/VREditor/FloatingText/LineMaterial.uasset" 431
"../../../Engine/Content/VREditor/FloatingText/JointSphere.uasset" 432
"../../../Engine/Content/VREditor/FloatingText/LineSegmentCylinder.uasset" 433
"../../../Engine/Content/VREditor/Fonts/VRText_RobotoLarge.uasset" 434
"../../../Engine/Content/VREditor/Fonts/VRTextMaterial.uasset" 435
"../../../Engine/Content/VREditor/Fonts/TranslucentVRTextMaterial.uasset" 436
"../../../Engine/Content/VREditor/LaserPointer/CursorPointer.uasset" 437
"../../../Engine/Content/VREditor/TransformGizmo/TransformGizmoMaterial.uasset" 438
"../../../Engine/Content/VREditor/LaserPointer/HoverMaterial.uasset" 439
"../../../Engine/Content/VREditor/TransformGizmo/TranslucentTransformGizmoMaterial.uasset" 440
"../../../Engine/Content/VREditor/LaserPointer/TranslucentHoverMaterial.uasset" 441
"../../../Engine/Content/VREditor/LaserPointer/HoverMesh.uasset" 442
"../../../Engine/Content/VREditor/LaserPointer/LaserPointerMaterial.uasset" 443
"../../../Engine/Content/VREditor/LaserPointer/LaserPointerMaterialInst.uasset" 444
"../../../Engine/Content/VREditor/LaserPointer/TranslucentLaserPointerMaterialInst.uasset" 445
"../../../Engine/Content/VREditor/LaserPointer/LaserPointerMesh.uasset" 446
"../../../Engine/Content/VREditor/LaserPointer/LaserPointerMesh_End.uasset" 447
"../../../Engine/Content/VREditor/LaserPointer/LaserPointerMesh_Start.uasset" 448
"../../../Engine/Content/VREditor/Sounds/VR_teleport.uasset" 449
"../../../Engine/Content/VREditor/Sounds/UI/Click_on_Button.uasset" 450
"../../../Engine/Content/VREditor/Sounds/UI/Click_on_Button_Cue.uasset" 451
"../../../Engine/Content/VREditor/Sounds/UI/Dockable_Window_Close.uasset" 452
"../../../Engine/Content/VREditor/Sounds/UI/Dockable_Window_Drop.uasset" 453
"../../../Engine/Content/VREditor/Sounds/UI/Dockable_Window_Open.uasset" 454
"../../../Engine/Content/VREditor/Sounds/UI/Dockable_Window_Pick_Up.uasset" 455
"../../../Engine/Content/VREditor/Sounds/UI/Drop_Item_From_ContentBrowser.uasset" 456
"../../../Engine/Content/VREditor/Sounds/UI/Floating_UI_Open-001.uasset" 457
"../../../Engine/Content/VREditor/Sounds/UI/Radial_Menu_FadeOut.uasset" 458
"../../../Engine/Content/VREditor/Sounds/UI/Teleport_Mode_Entered.uasset" 459
"../../../Engine/Content/VREditor/Teleport/TeleportDirectionMaterial.uasset" 460
"../../../Engine/Content/VREditor/Teleport/TeleportDirectionMaterial_Inst.uasset" 461
"../../../Engine/Content/VREditor/Teleport/TeleportDirectionMesh.uasset" 462
"../../../Engine/Content/VREditor/TransformGizmo/BoundingBoxCorner.uasset" 463
"../../../Engine/Content/VREditor/TransformGizmo/BoundingBoxEdge.uasset" 464
"../../../Engine/Content/VREditor/TransformGizmo/PlaneTranslationHandle.uasset" 465
"../../../Engine/Content/VREditor/TransformGizmo/Main.uasset" 466
"../../../Engine/Content/VREditor/TransformGizmo/Xray.uasset" 467
"../../../Engine/Content/VREditor/TransformGizmo/SM_Dialog_Close.uasset" 468
"../../../Engine/Content/VREditor/TransformGizmo/SM_Dialog_Move.uasset" 469
"../../../Engine/Content/VREditor/TransformGizmo/SM_Sequencer_Key.uasset" 470
"../../../Engine/Content/VREditor/TransformGizmo/SM_Sequencer_Node.uasset" 471
"../../../Engine/Content/VREditor/TransformGizmo/TransformGizmoMaterial_Inst.uasset" 472
"../../../Engine/Content/VREditor/TransformGizmo/TranslucentTransformGizmoMaterial_Inst.uasset" 473
"../../../Engine/Content/VREditor/Devices/Vive/UE4_Logo.uasset" 474
"../../../Engine/Content/VREditor/UI/M_ContentWindow.uasset" 475
"../../../Engine/Content/VREditor/UI/SM_ContentWindow_01.uasset" 476
"../../../Engine/Content/VREditor/UI/KeyDiskMaterial.uasset" 477
"../../../Engine/Content/VREditor/UI/DiscMaterial.uasset" 478
"../../../Engine/Content/VREditor/UI/SM_Radial_Disk.uasset" 479
"../../../Engine/Content/VREditor/UI/ArrowMaterial.uasset" 480
"../../../Engine/Content/VREditor/UI/SM_Radial_Pointer.uasset" 481
"../../../Engine/Content/Functions/Engine_MaterialFunctions01/Gradient/RadialGradient.uasset" 482
"../../../Engine/Content/VREditor/WorldMovementGrid/SimpleGrid.uasset" 483
"../../../Engine/Content/VREditor/WorldMovementGrid/GridMaterial.uasset" 484
"../../../Engine/Content/Functions/Engine_MaterialFunctions01/Density/ExponentialDensity.uasset" 485
"../../../Engine/Content/VREditor/WorldMovementGrid/GridPostProcess.uasset" 486
"../../../Engine/Content/EditorLandscapeResources/FlattenHeightMat.uasset" 487
"../../../Engine/Content/VREditor/WorldMovementGrid/PlaneMesh.uasset" 488
"../../Plugins/2D/Paper2D/Content/DummySprite.uasset" 489
"../../Plugins/2D/Paper2D/Content/DefaultPaperTerrainMaterial.uasset" 490
"../../Plugins/2D/Paper2D/Content/MaskedUnlitSpriteMaterial.uasset" 491
"../../Plugins/2D/Paper2D/Content/OpaqueUnlitSpriteMaterial.uasset" 492
"../../Plugins/Media/MediaCompositing/Content/DefaultMediaPlaneTexture.uasset" 493
"../../Plugins/Media/MediaCompositing/Content/DefaultMediaPlaneMaterial.uasset" 494
"../../../Engine/Content/Functions/Engine_MaterialFunctions02/Utility/MakeFloat4.uasset" 495
"../../Plugins/Runtime/AppleARKit/Content/ARKitCameraMaterial.uasset" 496
"../../Plugins/Runtime/Oculus/OculusVR/Content/Textures/GearVRController_AO.uasset" 497
"../../Plugins/Runtime/Oculus/OculusVR/Content/Textures/GearVRController_Color.uasset" 498
"../../Plugins/Runtime/Oculus/OculusVR/Content/Textures/GearVRController_Normal.uasset" 499
"../../Plugins/Runtime/Oculus/OculusVR/Content/Materials/GearVRControllerMaterial.uasset" 500
"../../Plugins/Runtime/Oculus/OculusVR/Content/Meshes/GearVrController.uasset" 501
"../../../../Projects/Second_test 4.19/Content/2DSideScroller/Blueprints/OtherCharacters/DlgScientistMyself.uasset" 502
"../../../../Projects/Second_test 4.19/Content/2DSideScroller/Sprites/ForCharacters/E_w.uasset" 503
"../../../../Projects/Second_test 4.19/Content/2DSideScroller/Sprites/ForCharacters/E_w_Sprite.uasset" 504
"../../../../Projects/Second_test 4.19/Content/2DSideScroller/Sprites/NeutralCharacters/starbound_custom_character___falco_lombardi_by_gabeexists-da2ph6g.uasset" 505
"../../../../Projects/Second_test 4.19/Content/2DSideScroller/Sprites/NeutralCharacters/starbound_custom_character___falco_lombardi_by_gabeexists-da2ph6g_Sprite.uasset" 506
"../../../../Projects/Second_test 4.19/Content/2DSideScroller/Blueprints/OtherCharacters/BP_Neutral.uasset" 507
"../../../../Projects/Second_test 4.19/Content/2DSideScroller/Sprites/LevelMaterials/Industrial/Textures/platformIndustrial_036.uasset" 508
"../../../../Projects/Second_test 4.19/Content/2DSideScroller/Sprites/LevelMaterials/Industrial/platformIndustrial_036_Sprite1.uasset" 509
"../../../../Projects/Second_test 4.19/Content/2DSideScroller/Sprites/LevelMaterials/Industrial/Textures/platformIndustrial_048.uasset" 510
"../../../../Projects/Second_test 4.19/Content/2DSideScroller/Sprites/LevelMaterials/Industrial/platformIndustrial_048_Sprite1.uasset" 511
"../../../../Projects/Second_test 4.19/Content/2DSideScroller/Blueprints/WorldMaterials/BP_Ladder.uasset" 512
"../../../../Projects/Second_test 4.19/Content/2DSideScroller/Sprites/LevelMaterials/Industrial/platformIndustrial_036_Sprite.uasset" 513
"../../../../Projects/Second_test 4.19/Content/2DSideScroller/Sprites/LevelMaterials/Industrial/Textures/platformIndustrial_038.uasset" 514
"../../../../Projects/Second_test 4.19/Content/2DSideScroller/Sprites/LevelMaterials/Industrial/platformIndustrial_038_Sprite.uasset" 515
"../../../../Projects/Second_test 4.19/Content/2DSideScroller/Blueprints/WorldMaterials/BP_Spikes.uasset" 516
"../../../../Projects/Second_test 4.19/Content/2DSideScroller/Maps/Level_test_BuiltData.uasset" 517
"../../../Engine/Content/BasicShapes/BasicShapeMaterial.uasset" 518
"../../../Engine/Content/BasicShapes/Cylinder.uasset" 519
"../../../../Projects/Second_test 4.19/Content/2DSideScroller/Sprites/LevelMaterials/Background/TExtures/space-1.uasset" 520
"../../../../Projects/Second_test 4.19/Content/2DSideScroller/Sprites/LevelMaterials/Background/space-1_Sprite.uasset" 521
"../../../../Projects/Second_test 4.19/Content/2DSideScroller/Sprites/LevelMaterials/Background/TExtures/space-2.uasset" 522
"../../../../Projects/Second_test 4.19/Content/2DSideScroller/Sprites/LevelMaterials/Background/space-2_Sprite.uasset" 523
"../../../../Projects/Second_test 4.19/Content/2DSideScroller/Sprites/LevelMaterials/Blocks/Textures/block_02.uasset" 524
"../../../../Projects/Second_test 4.19/Content/2DSideScroller/Sprites/LevelMaterials/Blocks/block_02_Sprite.uasset" 525
"../../../../Projects/Second_test 4.19/Content/2DSideScroller/Maps/Level_test.umap" 526
"../../../Engine/Content/Maps/Entry.umap" 527
