"../../../Engine/Binaries/Win64/UE4Editor.version" 1
"D:/Epic Games/Projects/Second_test 4.19/Second_test.uproject" 2
"../../../Engine/Plugins/2D/Paper2D/Paper2D.uplugin" 3
"../../../Engine/Plugins/Animation/LiveLink/LiveLink.uplugin" 4
"../../../Engine/Plugins/Blendables/LightPropagationVolume/LightPropagationVolume.uplugin" 5
"../../../Engine/Plugins/Compositing/Composure/Composure.uplugin" 6
"../../../Engine/Plugins/Compositing/LensDistortion/LensDistortion.uplugin" 7
"../../../Engine/Plugins/Developer/BlankPlugin/BlankPlugin.uplugin" 8
"../../../Engine/Plugins/Developer/CLionSourceCodeAccess/CLionSourceCodeAccess.uplugin" 9
"../../../Engine/Plugins/Developer/CodeLiteSourceCodeAccess/CodeLiteSourceCodeAccess.uplugin" 10
"../../../Engine/Plugins/Developer/GitSourceControl/GitSourceControl.uplugin" 11
"../../../Engine/Plugins/Developer/KDevelopSourceCodeAccess/KDevelopSourceCodeAccess.uplugin" 12
"../../../Engine/Plugins/Developer/NullSourceCodeAccess/NullSourceCodeAccess.uplugin" 13
"../../../Engine/Plugins/Developer/OneSkyLocalizationService/OneSkyLocalizationService.uplugin" 14
"../../../Engine/Plugins/Developer/PerforceSourceControl/PerforceSourceControl.uplugin" 15
"../../../Engine/Plugins/Developer/RenderDocPlugin/RenderDocPlugin.uplugin" 16
"../../../Engine/Plugins/Developer/SubversionSourceControl/SubversionSourceControl.uplugin" 17
"../../../Engine/Plugins/Developer/UObjectPlugin/UObjectPlugin.uplugin" 18
"../../../Engine/Plugins/Developer/VisualStudioCodeSourceCodeAccess/VisualStudioCodeSourceCodeAccess.uplugin" 19
"../../../Engine/Plugins/Developer/VisualStudioSourceCodeAccess/VisualStudioSourceCodeAccess.uplugin" 20
"../../../Engine/Plugins/Developer/XCodeSourceCodeAccess/XCodeSourceCodeAccess.uplugin" 21
"../../../Engine/Plugins/Editor/AssetManagerEditor/AssetManagerEditor.uplugin" 22
"../../../Engine/Plugins/Editor/BlueprintMaterialTextureNodes/BlueprintMaterialTextureNodes.uplugin" 23
"../../../Engine/Plugins/Editor/CryptoKeys/CryptoKeys.uplugin" 24
"../../../Engine/Plugins/Editor/DataValidation/DataValidation.uplugin" 25
"../../../Engine/Plugins/Editor/FacialAnimation/FacialAnimation.uplugin" 26
"../../../Engine/Plugins/Editor/GameplayTagsEditor/GameplayTagsEditor.uplugin" 27
"../../../Engine/Plugins/Editor/GLTFImporter/GLTFImporter.uplugin" 28
"../../../Engine/Plugins/Editor/MobileLauncherProfileWizard/MobileLauncherProfileWizard.uplugin" 29
"../../../Engine/Plugins/Editor/PluginBrowser/PluginBrowser.uplugin" 30
"../../../Engine/Plugins/Editor/SpeedTreeImporter/SpeedTreeImporter.uplugin" 31
"../../../Engine/Plugins/Editor/USDImporter/USDImporter.uplugin" 32
"../../../Engine/Plugins/Enterprise/DatasmithContent/DatasmithContent.uplugin" 33
"../../../Engine/Plugins/Experimental/AlembicImporter/AlembicImporter.uplugin" 34
"../../../Engine/Plugins/Experimental/BlueprintStats/BlueprintStats.uplugin" 35
"../../../Engine/Plugins/Experimental/CharacterAI/CharacterAI.uplugin" 36
"../../../Engine/Plugins/Experimental/CodeEditor/CodeEditor.uplugin" 37
"../../../Engine/Plugins/Experimental/CodeView/CodeView.uplugin" 38
"../../../Engine/Plugins/Experimental/ControlRig/ControlRig.uplugin" 39
"../../../Engine/Plugins/Experimental/HTML5Networking/HTML5Networking.uplugin" 40
"../../../Engine/Plugins/Experimental/ImagePlate/ImagePlate.uplugin" 41
"../../../Engine/Plugins/Experimental/OSVR/OSVR.uplugin" 42
"../../../Engine/Plugins/Experimental/PlatformCrypto/PlatformCrypto.uplugin" 43
"../../../Engine/Plugins/Experimental/ProxyLODPlugin/ProxyLODPlugin.uplugin" 44
"../../../Engine/Plugins/Experimental/PythonScriptPlugin/PythonScriptPlugin.uplugin" 45
"../../../Engine/Plugins/Experimental/RawInput/RawInput.uplugin" 46
"../../../Engine/Plugins/Experimental/SimpleHMD/SimpleHMD.uplugin" 47
"../../../Engine/Plugins/Experimental/StereoPanorama/StereoPanorama.uplugin" 48
"../../../Engine/Plugins/Experimental/StructBox/StructBox.uplugin" 49
"../../../Engine/Plugins/FX/Niagara/Niagara.uplugin" 50
"../../../Engine/Plugins/FX/NiagaraExtras/NiagaraExtras.uplugin" 51
"../../../Engine/Plugins/Marketplace/DlgSystem/DlgSystem.uplugin" 52
"../../../Engine/Plugins/Media/AndroidCamera/AndroidCamera.uplugin" 53
"../../../Engine/Plugins/Media/AndroidMedia/AndroidMedia.uplugin" 54
"../../../Engine/Plugins/Media/AvfMedia/AvfMedia.uplugin" 55
"../../../Engine/Plugins/Media/ImgMedia/ImgMedia.uplugin" 56
"../../../Engine/Plugins/Media/LinearTimecode/LinearTimecode.uplugin" 57
"../../../Engine/Plugins/Media/MediaCompositing/MediaCompositing.uplugin" 58
"../../../Engine/Plugins/Media/MediaPlayerEditor/MediaPlayerEditor.uplugin" 59
"../../../Engine/Plugins/Media/MfMedia/MfMedia.uplugin" 60
"../../../Engine/Plugins/Media/WmfMedia/WmfMedia.uplugin" 61
"../../../Engine/Plugins/Messaging/MessagingDebugger/MessagingDebugger.uplugin" 62
"../../../Engine/Plugins/Messaging/TcpMessaging/TcpMessaging.uplugin" 63
"../../../Engine/Plugins/Messaging/UdpMessaging/UdpMessaging.uplugin" 64
"../../../Engine/Plugins/MovieScene/ActorSequence/ActorSequence.uplugin" 65
"../../../Engine/Plugins/MovieScene/ActorSequenceEditor/ActorSequenceEditor.uplugin" 66
"../../../Engine/Plugins/MovieScene/LevelSequenceEditor/LevelSequenceEditor.uplugin" 67
"../../../Engine/Plugins/MovieScene/MatineeToLevelSequence/MatineeToLevelSequence.uplugin" 68
"../../../Engine/Plugins/NetcodeUnitTest/NetcodeUnitTest/NetcodeUnitTest.uplugin" 69
"../../../Engine/Plugins/NetcodeUnitTest/NUTUnrealEngine4/NUTUnrealEngine4.uplugin" 70
"../../../Engine/Plugins/Online/Android/OnlineSubsystemGameCircle/OnlineSubsystemGameCircle.uplugin" 71
"../../../Engine/Plugins/Online/Android/OnlineSubsystemGooglePlay/OnlineSubsystemGooglePlay.uplugin" 72
"../../../Engine/Plugins/Online/IOS/OnlineSubsystemIOS/OnlineSubsystemIOS.uplugin" 73
"../../../Engine/Plugins/Online/OnlineFramework/OnlineFramework.uplugin" 74
"../../../Engine/Plugins/Online/OnlineSubsystem/OnlineSubsystem.uplugin" 75
"../../../Engine/Plugins/Online/OnlineSubsystemAmazon/OnlineSubsystemAmazon.uplugin" 76
"../../../Engine/Plugins/Online/OnlineSubsystemFacebook/OnlineSubsystemFacebook.uplugin" 77
"../../../Engine/Plugins/Online/OnlineSubsystemGoogle/OnlineSubsystemGoogle.uplugin" 78
"../../../Engine/Plugins/Online/OnlineSubsystemNull/OnlineSubsystemNull.uplugin" 79
"../../../Engine/Plugins/Online/OnlineSubsystemOculus/OnlineSubsystemOculus.uplugin" 80
"../../../Engine/Plugins/Online/OnlineSubsystemSteam/OnlineSubsystemSteam.uplugin" 81
"../../../Engine/Plugins/Online/OnlineSubsystemTwitch/OnlineSubsystemTwitch.uplugin" 82
"../../../Engine/Plugins/Online/OnlineSubsystemUtils/OnlineSubsystemUtils.uplugin" 83
"../../../Engine/Plugins/Performance/PerformanceMonitor/PerformanceMonitor.uplugin" 84
"../../../Engine/Plugins/Runtime/Advertising/IOSTapJoy/IOSTapJoy.uplugin" 85
"../../../Engine/Plugins/Runtime/Analytics/Adjust/Adjust.uplugin" 86
"../../../Engine/Plugins/Runtime/Analytics/AnalyticsBlueprintLibrary/AnalyticsBlueprintLibrary.uplugin" 87
"../../../Engine/Plugins/Runtime/Analytics/AnalyticsMulticast/AnalyticsMulticast.uplugin" 88
"../../../Engine/Plugins/Runtime/Analytics/Apsalar/Apsalar.uplugin" 89
"../../../Engine/Plugins/Runtime/Analytics/FileLogging/FileLogging.uplugin" 90
"../../../Engine/Plugins/Runtime/Analytics/Flurry/Flurry.uplugin" 91
"../../../Engine/Plugins/Runtime/AndroidDeviceProfileSelector/AndroidDeviceProfileSelector.uplugin" 92
"../../../Engine/Plugins/Runtime/AndroidMoviePlayer/AndroidMoviePlayer.uplugin" 93
"../../../Engine/Plugins/Runtime/AndroidPermission/AndroidPermission.uplugin" 94
"../../../Engine/Plugins/Runtime/AnimDistanceMatching/AnimDistanceMatching.uplugin" 95
"../../../Engine/Plugins/Runtime/ApexDestruction/ApexDestruction.uplugin" 96
"../../../Engine/Plugins/Runtime/AppleARKit/AppleARKit.uplugin" 97
"../../../Engine/Plugins/Runtime/AppleMoviePlayer/AppleMoviePlayer.uplugin" 98
"../../../Engine/Plugins/Runtime/ArchVisCharacter/ArchVisCharacter.uplugin" 99
"../../../Engine/Plugins/Runtime/AudioCapture/AudioCapture.uplugin" 100
"../../../Engine/Plugins/Runtime/CableComponent/CableComponent.uplugin" 101
"../../../Engine/Plugins/Runtime/CustomMeshComponent/CustomMeshComponent.uplugin" 102
"../../../Engine/Plugins/Runtime/ExampleDeviceProfileSelector/ExampleDeviceProfileSelector.uplugin" 103
"../../../Engine/Plugins/Runtime/GameplayAbilities/GameplayAbilities.uplugin" 104
"../../../Engine/Plugins/Runtime/GoogleARCore/GoogleARCore.uplugin" 105
"../../../Engine/Plugins/Runtime/GoogleCloudMessaging/GoogleCloudMessaging.uplugin" 106
"../../../Engine/Plugins/Runtime/GoogleVR/GoogleVRController/GoogleVRController.uplugin" 107
"../../../Engine/Plugins/Runtime/GoogleVR/GoogleVRHMD/GoogleVRHMD.uplugin" 108
"../../../Engine/Plugins/Runtime/GoogleVR/GoogleVRTransition2D/GoogleVRTransition2D.uplugin" 109
"../../../Engine/Plugins/Runtime/HTNPlanner/HTNPlanner.uplugin" 110
"../../../Engine/Plugins/Runtime/HTTPChunkInstaller/HTTPChunkInstaller.uplugin" 111
"../../../Engine/Plugins/Runtime/ImmediatePhysics/ImmediatePhysics.uplugin" 112
"../../../Engine/Plugins/Runtime/IOSDeviceProfileSelector/IOSDeviceProfileSelector.uplugin" 113
"../../../Engine/Plugins/Runtime/LeapMotion/LeapMotion.uplugin" 114
"../../../Engine/Plugins/Runtime/LinuxDeviceProfileSelector/LinuxDeviceProfileSelector.uplugin" 115
"../../../Engine/Plugins/Runtime/LocationServicesAndroidImpl/LocationServicesAndroidImpl.uplugin" 116
"../../../Engine/Plugins/Runtime/LocationServicesBPLibrary/LocationServicesBPLibrary.uplugin" 117
"../../../Engine/Plugins/Runtime/LocationServicesIOSImpl/LocationServicesIOSImpl.uplugin" 118
"../../../Engine/Plugins/Runtime/MeshReconstruction/DummyMeshReconstructor/DummyMeshReconstructor.uplugin" 119
"../../../Engine/Plugins/Runtime/MIDIDevice/MIDIDevice.uplugin" 120
"../../../Engine/Plugins/Runtime/MixedRealityFramework/MixedRealityFramework.uplugin" 121
"../../../Engine/Plugins/Runtime/MobilePatchingUtils/MobilePatchingUtils.uplugin" 122
"../../../Engine/Plugins/Runtime/Nvidia/Ansel/Ansel.uplugin" 123
"../../../Engine/Plugins/Runtime/Oculus/OculusAudio/OculusAudio.uplugin" 124
"../../../Engine/Plugins/Runtime/Oculus/OculusVR/OculusVR.uplugin" 125
"../../../Engine/Plugins/Runtime/OptionalMobileFeaturesBPLibrary/OptionalMobileFeaturesBPLibrary.uplugin" 126
"../../../Engine/Plugins/Runtime/PacketHandlers/AESHandlerComponent/AESHandlerComponent.uplugin" 127
"../../../Engine/Plugins/Runtime/PhysXVehicles/PhysXVehicles.uplugin" 128
"../../../Engine/Plugins/Runtime/ProceduralMeshComponent/ProceduralMeshComponent.uplugin" 129
"../../../Engine/Plugins/Runtime/ResonanceAudio/ResonanceAudio.uplugin" 130
"../../../Engine/Plugins/Runtime/RuntimePhysXCooking/RuntimePhysXCooking.uplugin" 131
"../../../Engine/Plugins/Runtime/SignificanceManager/SignificanceManager.uplugin" 132
"../../../Engine/Plugins/Runtime/SoundMod/SoundMod.uplugin" 133
"../../../Engine/Plugins/Runtime/SoundUtilities/SoundUtilities.uplugin" 134
"../../../Engine/Plugins/Runtime/SoundVisualizations/SoundVisualizations.uplugin" 135
"../../../Engine/Plugins/Runtime/Steam/SteamAudio/SteamAudio.uplugin" 136
"../../../Engine/Plugins/Runtime/Steam/SteamController/SteamController.uplugin" 137
"../../../Engine/Plugins/Runtime/Steam/SteamVR/SteamVR.uplugin" 138
"../../../Engine/Plugins/Runtime/Synthesis/Synthesis.uplugin" 139
"../../../Engine/Plugins/Runtime/WebBrowserWidget/WebBrowserWidget.uplugin" 140
"../../../Engine/Plugins/Runtime/WindowsDeviceProfileSelector/WindowsDeviceProfileSelector.uplugin" 141
"../../../Engine/Plugins/Runtime/WindowsMoviePlayer/WindowsMoviePlayer.uplugin" 142
"../../../Engine/Plugins/ScriptPlugin/ScriptPlugin.uplugin" 143
"../../../Engine/Plugins/Slate/SlateRemote/SlateRemote.uplugin" 144
"../../../Engine/Plugins/Tests/EditorTests/EditorTests.uplugin" 145
"../../../Engine/Plugins/Tests/FbxAutomationTestBuilder/FbxAutomationTestBuilder.uplugin" 146
"../../../Engine/Plugins/Tests/FunctionalTestingEditor/FunctionalTestingEditor.uplugin" 147
"../../../Engine/Plugins/Tests/RuntimeTests/RuntimeTests.uplugin" 148
"../../../Engine/Plugins/Tests/ScreenshotTools/ScreenshotTools.uplugin" 149
"..\..\..\Engine\Content\Internationalization\icudt53l\cnvalias.icu" 150
"..\..\..\Engine\Content\Internationalization\icudt53l\res_index.res" 151
"..\..\..\Engine\Content\Internationalization\icudt53l\plurals.res" 152
"..\..\..\Engine\Content\Internationalization\icudt53l\lang\ru.res" 153
"..\..\..\Engine\Content\Internationalization\icudt53l\lang\pool.res" 154
"..\..\..\Engine\Content\Internationalization\icudt53l\lang\root.res" 155
"..\..\..\Engine\Content\Internationalization\icudt53l\region\ru.res" 156
"..\..\..\Engine\Content\Internationalization\icudt53l\region\pool.res" 157
"..\..\..\Engine\Content\Internationalization\icudt53l\region\root.res" 158
"..\..\..\Engine\Content\Internationalization\icudt53l\lang\en.res" 159
"..\..\..\Engine\Content\Internationalization\icudt53l\region\en.res" 160
"..\..\..\Engine\Content\Internationalization\icudt53l\windowsZones.res" 161
"..\..\..\Engine\Content\Internationalization\icudt53l\zoneinfo64.res" 162
"..\..\..\Engine\Content\Internationalization\icudt53l\keyTypeData.res" 163
"..\..\..\Engine\Content\Internationalization\icudt53l\timezoneTypes.res" 164
"..\..\..\Engine\Content\Internationalization\icudt53l\ru_RU.res" 165
"..\..\..\Engine\Content\Internationalization\icudt53l\pool.res" 166
"..\..\..\Engine\Content\Internationalization\icudt53l\ru.res" 167
"..\..\..\Engine\Content\Internationalization\icudt53l\root.res" 168
"C:/Users/Karasb/AppData/Local/UnrealEngine/4.19/Saved/Config/Windows/Manifest.ini" 169
"../../../Engine/Config/Base.ini" 170
"../../../Engine/Config/BaseEngine.ini" 171
"D:/Epic Games/Projects/Second_test 4.19/Config/DefaultEngine.ini" 172
"../../../Engine/Config/Windows/WindowsEngine.ini" 173
"D:/Epic Games/Projects/Second_test 4.19/Saved/Config/Windows/Engine.ini" 174
"../../../../Projects/Second_test 4.19/Intermediate/Config/CoalescedSourceConfigs/Engine.ini" 175
"../../../Engine/Config/BaseGame.ini" 176
"D:/Epic Games/Projects/Second_test 4.19/Config/DefaultGame.ini" 177
"D:/Epic Games/Projects/Second_test 4.19/Saved/Config/Windows/Game.ini" 178
"../../../../Projects/Second_test 4.19/Intermediate/Config/CoalescedSourceConfigs/Game.ini" 179
"../../../Engine/Config/BaseInput.ini" 180
"D:/Epic Games/Projects/Second_test 4.19/Config/DefaultInput.ini" 181
"D:/Epic Games/Projects/Second_test 4.19/Saved/Config/Windows/Input.ini" 182
"../../../../Projects/Second_test 4.19/Intermediate/Config/CoalescedSourceConfigs/Input.ini" 183
"../../../Engine/Config/BaseEditor.ini" 184
"D:/Epic Games/Projects/Second_test 4.19/Config/DefaultEditor.ini" 185
"D:/Epic Games/Projects/Second_test 4.19/Saved/Config/Windows/Editor.ini" 186
"../../../../Projects/Second_test 4.19/Intermediate/Config/CoalescedSourceConfigs/Editor.ini" 187
"../../../Engine/Config/BaseEditorPerProjectUserSettings.ini" 188
"D:/Epic Games/Projects/Second_test 4.19/Config/DefaultEditorPerProjectUserSettings.ini" 189
"D:/Epic Games/Projects/Second_test 4.19/Saved/Config/Windows/EditorPerProjectUserSettings.ini" 190
"../../../../Projects/Second_test 4.19/Intermediate/Config/CoalescedSourceConfigs/EditorPerProjectUserSettings.ini" 191
"../../../Engine/Config/BaseEditorSettings.ini" 192
"C:/Users/Karasb/AppData/Local/UnrealEngine/4.19/Saved/Config/Windows/EditorSettings.ini" 193
"../../../../Projects/Second_test 4.19/Intermediate/Config/CoalescedSourceConfigs/EditorSettings.ini" 194
"../../../Engine/Config/BaseEditorLayout.ini" 195
"C:/Users/Karasb/AppData/Local/UnrealEngine/4.19/Saved/Config/Windows/EditorLayout.ini" 196
"../../../../Projects/Second_test 4.19/Intermediate/Config/CoalescedSourceConfigs/EditorLayout.ini" 197
"../../../Engine/Config/BaseEditorKeyBindings.ini" 198
"C:/Users/Karasb/AppData/Local/UnrealEngine/4.19/Saved/Config/Windows/EditorKeyBindings.ini" 199
"../../../../Projects/Second_test 4.19/Intermediate/Config/CoalescedSourceConfigs/EditorKeyBindings.ini" 200
"../../../Engine/Config/BaseCompat.ini" 201
"D:/Epic Games/Projects/Second_test 4.19/Saved/Config/Windows/Compat.ini" 202
"../../../../Projects/Second_test 4.19/Intermediate/Config/CoalescedSourceConfigs/Compat.ini" 203
"../../../Engine/Config/BaseLightmass.ini" 204
"D:/Epic Games/Projects/Second_test 4.19/Saved/Config/Windows/Lightmass.ini" 205
"../../../../Projects/Second_test 4.19/Intermediate/Config/CoalescedSourceConfigs/Lightmass.ini" 206
"../../../Engine/Config/BaseScalability.ini" 207
"D:/Epic Games/Projects/Second_test 4.19/Saved/Config/Windows/Scalability.ini" 208
"../../../../Projects/Second_test 4.19/Intermediate/Config/CoalescedSourceConfigs/Scalability.ini" 209
"../../../Engine/Config/BaseHardware.ini" 210
"D:/Epic Games/Projects/Second_test 4.19/Saved/Config/Windows/Hardware.ini" 211
"../../../../Projects/Second_test 4.19/Intermediate/Config/CoalescedSourceConfigs/Hardware.ini" 212
"../../../Engine/Config/BaseGameUserSettings.ini" 213
"D:/Epic Games/Projects/Second_test 4.19/Saved/Config/Windows/GameUserSettings.ini" 214
"../../../../Projects/Second_test 4.19/Intermediate/Config/CoalescedSourceConfigs/GameUserSettings.ini" 215
"../../../Engine/Plugins/2D/Paper2D/Config/BasePaper2D.ini" 216
"D:/Epic Games/Projects/Second_test 4.19/Saved/Config/Windows/Paper2D.ini" 217
"../../../../Projects/Second_test 4.19/Intermediate/Config/CoalescedSourceConfigs/Paper2D.ini" 218
"../../../../Projects/Second_test 4.19/Intermediate/Config/CoalescedSourceConfigs/LiveLink.ini" 219
"../../../../Projects/Second_test 4.19/Intermediate/Config/CoalescedSourceConfigs/LightPropagationVolume.ini" 220
"../../../../Projects/Second_test 4.19/Intermediate/Config/CoalescedSourceConfigs/CLionSourceCodeAccess.ini" 221
"../../../../Projects/Second_test 4.19/Intermediate/Config/CoalescedSourceConfigs/CodeLiteSourceCodeAccess.ini" 222
"../../../../Projects/Second_test 4.19/Intermediate/Config/CoalescedSourceConfigs/GitSourceControl.ini" 223
"../../../../Projects/Second_test 4.19/Intermediate/Config/CoalescedSourceConfigs/KDevelopSourceCodeAccess.ini" 224
"../../../../Projects/Second_test 4.19/Intermediate/Config/CoalescedSourceConfigs/NullSourceCodeAccess.ini" 225
"../../../../Projects/Second_test 4.19/Intermediate/Config/CoalescedSourceConfigs/PerforceSourceControl.ini" 226
"../../../../Projects/Second_test 4.19/Intermediate/Config/CoalescedSourceConfigs/SubversionSourceControl.ini" 227
"../../../../Projects/Second_test 4.19/Intermediate/Config/CoalescedSourceConfigs/UObjectPlugin.ini" 228
"../../../../Projects/Second_test 4.19/Intermediate/Config/CoalescedSourceConfigs/VisualStudioCodeSourceCodeAccess.ini" 229
"../../../../Projects/Second_test 4.19/Intermediate/Config/CoalescedSourceConfigs/VisualStudioSourceCodeAccess.ini" 230
"../../../../Projects/Second_test 4.19/Intermediate/Config/CoalescedSourceConfigs/XCodeSourceCodeAccess.ini" 231
"../../../../Projects/Second_test 4.19/Intermediate/Config/CoalescedSourceConfigs/AssetManagerEditor.ini" 232
"../../../../Projects/Second_test 4.19/Intermediate/Config/CoalescedSourceConfigs/CryptoKeys.ini" 233
"../../../../Projects/Second_test 4.19/Intermediate/Config/CoalescedSourceConfigs/DataValidation.ini" 234
"../../../../Projects/Second_test 4.19/Intermediate/Config/CoalescedSourceConfigs/FacialAnimation.ini" 235
"../../../../Projects/Second_test 4.19/Intermediate/Config/CoalescedSourceConfigs/GameplayTagsEditor.ini" 236
"../../../../Projects/Second_test 4.19/Intermediate/Config/CoalescedSourceConfigs/MobileLauncherProfileWizard.ini" 237
"../../../../Projects/Second_test 4.19/Intermediate/Config/CoalescedSourceConfigs/PluginBrowser.ini" 238
"../../../../Projects/Second_test 4.19/Intermediate/Config/CoalescedSourceConfigs/SpeedTreeImporter.ini" 239
"../../../../Projects/Second_test 4.19/Intermediate/Config/CoalescedSourceConfigs/DatasmithContent.ini" 240
"../../../../Projects/Second_test 4.19/Intermediate/Config/CoalescedSourceConfigs/AlembicImporter.ini" 241
"../../../../Projects/Second_test 4.19/Intermediate/Config/CoalescedSourceConfigs/CharacterAI.ini" 242
"../../../../Projects/Second_test 4.19/Intermediate/Config/CoalescedSourceConfigs/HTML5Networking.ini" 243
"../../../../Projects/Second_test 4.19/Intermediate/Config/CoalescedSourceConfigs/DlgSystem.ini" 244
"../../../../Projects/Second_test 4.19/Intermediate/Config/CoalescedSourceConfigs/AndroidMedia.ini" 245
"../../../../Projects/Second_test 4.19/Intermediate/Config/CoalescedSourceConfigs/AvfMedia.ini" 246
"../../../../Projects/Second_test 4.19/Intermediate/Config/CoalescedSourceConfigs/ImgMedia.ini" 247
"../../../../Projects/Second_test 4.19/Intermediate/Config/CoalescedSourceConfigs/LinearTimecode.ini" 248
"../../../../Projects/Second_test 4.19/Intermediate/Config/CoalescedSourceConfigs/MediaCompositing.ini" 249
"../../../../Projects/Second_test 4.19/Intermediate/Config/CoalescedSourceConfigs/MediaPlayerEditor.ini" 250
"../../../../Projects/Second_test 4.19/Intermediate/Config/CoalescedSourceConfigs/WmfMedia.ini" 251
"../../../../Projects/Second_test 4.19/Intermediate/Config/CoalescedSourceConfigs/TcpMessaging.ini" 252
"../../../../Projects/Second_test 4.19/Intermediate/Config/CoalescedSourceConfigs/UdpMessaging.ini" 253
"../../../../Projects/Second_test 4.19/Intermediate/Config/CoalescedSourceConfigs/ActorSequence.ini" 254
"../../../../Projects/Second_test 4.19/Intermediate/Config/CoalescedSourceConfigs/LevelSequenceEditor.ini" 255
"../../../../Projects/Second_test 4.19/Intermediate/Config/CoalescedSourceConfigs/MatineeToLevelSequence.ini" 256
"../../../../Projects/Second_test 4.19/Intermediate/Config/CoalescedSourceConfigs/NetcodeUnitTest.ini" 257
"../../../../Projects/Second_test 4.19/Intermediate/Config/CoalescedSourceConfigs/NUTUnrealEngine4.ini" 258
"../../../../Projects/Second_test 4.19/Intermediate/Config/CoalescedSourceConfigs/OnlineSubsystemGooglePlay.ini" 259
"../../../../Projects/Second_test 4.19/Intermediate/Config/CoalescedSourceConfigs/OnlineSubsystemIOS.ini" 260
"../../../../Projects/Second_test 4.19/Intermediate/Config/CoalescedSourceConfigs/OnlineSubsystem.ini" 261
"../../../../Projects/Second_test 4.19/Intermediate/Config/CoalescedSourceConfigs/OnlineSubsystemNull.ini" 262
"../../../../Projects/Second_test 4.19/Intermediate/Config/CoalescedSourceConfigs/OnlineSubsystemUtils.ini" 263
"../../../../Projects/Second_test 4.19/Intermediate/Config/CoalescedSourceConfigs/AndroidDeviceProfileSelector.ini" 264
"../../../../Projects/Second_test 4.19/Intermediate/Config/CoalescedSourceConfigs/AndroidMoviePlayer.ini" 265
"../../../../Projects/Second_test 4.19/Intermediate/Config/CoalescedSourceConfigs/AndroidPermission.ini" 266
"../../../../Projects/Second_test 4.19/Intermediate/Config/CoalescedSourceConfigs/AppleARKit.ini" 267
"../../../../Projects/Second_test 4.19/Intermediate/Config/CoalescedSourceConfigs/AppleMoviePlayer.ini" 268
"../../../../Projects/Second_test 4.19/Intermediate/Config/CoalescedSourceConfigs/ArchVisCharacter.ini" 269
"../../../../Projects/Second_test 4.19/Intermediate/Config/CoalescedSourceConfigs/AudioCapture.ini" 270
"../../../../Projects/Second_test 4.19/Intermediate/Config/CoalescedSourceConfigs/CableComponent.ini" 271
"../../../../Projects/Second_test 4.19/Intermediate/Config/CoalescedSourceConfigs/CustomMeshComponent.ini" 272
"../../../../Projects/Second_test 4.19/Intermediate/Config/CoalescedSourceConfigs/ExampleDeviceProfileSelector.ini" 273
"../../../../Projects/Second_test 4.19/Intermediate/Config/CoalescedSourceConfigs/GoogleCloudMessaging.ini" 274
"../../../../Projects/Second_test 4.19/Intermediate/Config/CoalescedSourceConfigs/ImmediatePhysics.ini" 275
"../../../../Projects/Second_test 4.19/Intermediate/Config/CoalescedSourceConfigs/IOSDeviceProfileSelector.ini" 276
"../../../../Projects/Second_test 4.19/Intermediate/Config/CoalescedSourceConfigs/LinuxDeviceProfileSelector.ini" 277
"../../../../Projects/Second_test 4.19/Intermediate/Config/CoalescedSourceConfigs/LocationServicesBPLibrary.ini" 278
"../../../../Projects/Second_test 4.19/Intermediate/Config/CoalescedSourceConfigs/MobilePatchingUtils.ini" 279
"../../../Engine/Plugins/Runtime/Oculus/OculusVR/Config/BaseOculusVR.ini" 280
"D:/Epic Games/Projects/Second_test 4.19/Saved/Config/Windows/OculusVR.ini" 281
"../../../../Projects/Second_test 4.19/Intermediate/Config/CoalescedSourceConfigs/OculusVR.ini" 282
"../../../Engine/Plugins/Runtime/PhysXVehicles/Config/BasePhysXVehicles.ini" 283
"D:/Epic Games/Projects/Second_test 4.19/Saved/Config/Windows/PhysXVehicles.ini" 284
"../../../../Projects/Second_test 4.19/Intermediate/Config/CoalescedSourceConfigs/PhysXVehicles.ini" 285
"../../../../Projects/Second_test 4.19/Intermediate/Config/CoalescedSourceConfigs/ProceduralMeshComponent.ini" 286
"../../../../Projects/Second_test 4.19/Intermediate/Config/CoalescedSourceConfigs/RuntimePhysXCooking.ini" 287
"../../../../Projects/Second_test 4.19/Intermediate/Config/CoalescedSourceConfigs/SteamVR.ini" 288
"../../../../Projects/Second_test 4.19/Intermediate/Config/CoalescedSourceConfigs/WindowsMoviePlayer.ini" 289
"../../../Engine/Binaries/Win64/UE4Editor.modules" 290
"../../../Engine/Binaries/Win64/Android/UE4Editor.modules" 291
"../../../Engine/Binaries/Win64/HTML5/UE4Editor.modules" 292
"../../../Engine/Binaries/Win64/IOS/UE4Editor.modules" 293
"../../../Engine/Binaries/Win64/Linux/UE4Editor.modules" 294
"../../../Engine/Plugins/2D/Paper2D/Binaries/Win64/UE4Editor.modules" 295
"../../../Engine/Plugins/Marketplace/DlgSystem/Binaries/Win64/UE4Editor.modules" 296
"../../../Engine/Plugins/Blendables/LightPropagationVolume/Binaries/Win64/UE4Editor.modules" 297
"../../../Engine/Plugins/Developer/CLionSourceCodeAccess/Binaries/Win64/UE4Editor.modules" 298
"../../../Engine/Plugins/Developer/GitSourceControl/Binaries/Win64/UE4Editor.modules" 299
"../../../Engine/Plugins/Developer/PerforceSourceControl/Binaries/Win64/UE4Editor.modules" 300
"../../../Engine/Plugins/Developer/SubversionSourceControl/Binaries/Win64/UE4Editor.modules" 301
"../../../Engine/Plugins/Developer/UObjectPlugin/Binaries/Win64/UE4Editor.modules" 302
"../../../Engine/Plugins/Developer/VisualStudioCodeSourceCodeAccess/Binaries/Win64/UE4Editor.modules" 303
"../../../Engine/Plugins/Developer/VisualStudioSourceCodeAccess/Binaries/Win64/UE4Editor.modules" 304
"../../../Engine/Plugins/Editor/AssetManagerEditor/Binaries/Win64/UE4Editor.modules" 305
"../../../Engine/Plugins/Editor/CryptoKeys/Binaries/Win64/UE4Editor.modules" 306
"../../../Engine/Plugins/Editor/DataValidation/Binaries/Win64/UE4Editor.modules" 307
"../../../Engine/Plugins/Editor/FacialAnimation/Binaries/Win64/UE4Editor.modules" 308
"../../../Engine/Plugins/Editor/GameplayTagsEditor/Binaries/Win64/UE4Editor.modules" 309
"../../../Engine/Plugins/Editor/MobileLauncherProfileWizard/Binaries/Win64/UE4Editor.modules" 310
"../../../Engine/Plugins/Editor/PluginBrowser/Binaries/Win64/UE4Editor.modules" 311
"../../../Engine/Plugins/Editor/SpeedTreeImporter/Binaries/Win64/UE4Editor.modules" 312
"../../../Engine/Plugins/Enterprise/DatasmithContent/Binaries/Win64/UE4Editor.modules" 313
"../../../Engine/Plugins/Experimental/AlembicImporter/Binaries/Win64/UE4Editor.modules" 314
"../../../Engine/Plugins/Experimental/CharacterAI/Binaries/Win64/UE4Editor.modules" 315
"../../../Engine/Plugins/Experimental/HTML5Networking/Binaries/Win64/UE4Editor.modules" 316
"../../../Engine/Plugins/Media/AndroidMedia/Binaries/Win64/UE4Editor.modules" 317
"../../../Engine/Plugins/Media/AvfMedia/Binaries/Win64/UE4Editor.modules" 318
"../../../Engine/Plugins/Media/ImgMedia/Binaries/Win64/UE4Editor.modules" 319
"../../../Engine/Plugins/Media/LinearTimecode/Binaries/Win64/UE4Editor.modules" 320
"../../../Engine/Plugins/Media/MediaCompositing/Binaries/Win64/UE4Editor.modules" 321
"../../../Engine/Plugins/Media/MediaPlayerEditor/Binaries/Win64/UE4Editor.modules" 322
"../../../Engine/Plugins/Media/WmfMedia/Binaries/Win64/UE4Editor.modules" 323
"../../../Engine/Plugins/Messaging/TcpMessaging/Binaries/Win64/UE4Editor.modules" 324
"../../../Engine/Plugins/Messaging/UdpMessaging/Binaries/Win64/UE4Editor.modules" 325
"../../../Engine/Plugins/MovieScene/ActorSequence/Binaries/Win64/UE4Editor.modules" 326
"../../../Engine/Plugins/MovieScene/LevelSequenceEditor/Binaries/Win64/UE4Editor.modules" 327
"../../../Engine/Plugins/MovieScene/MatineeToLevelSequence/Binaries/Win64/UE4Editor.modules" 328
"../../../Engine/Plugins/NetcodeUnitTest/NetcodeUnitTest/Binaries/Win64/UE4Editor.modules" 329
"../../../Engine/Plugins/NetcodeUnitTest/NUTUnrealEngine4/Binaries/Win64/UE4Editor.modules" 330
"../../../Engine/Plugins/Online/OnlineSubsystem/Binaries/Win64/UE4Editor.modules" 331
"../../../Engine/Plugins/Runtime/AndroidPermission/Binaries/Win64/UE4Editor.modules" 332
"../../../Engine/Plugins/Online/OnlineSubsystemNull/Binaries/Win64/UE4Editor.modules" 333
"../../../Engine/Plugins/Online/OnlineSubsystemUtils/Binaries/Win64/UE4Editor.modules" 334
"../../../Engine/Plugins/Runtime/AndroidDeviceProfileSelector/Binaries/Win64/UE4Editor.modules" 335
"../../../Engine/Plugins/Runtime/AppleARKit/Binaries/Win64/UE4Editor.modules" 336
"../../../Engine/Plugins/Runtime/ProceduralMeshComponent/Binaries/Win64/UE4Editor.modules" 337
"../../../Engine/Plugins/Animation/LiveLink/Binaries/Win64/UE4Editor.modules" 338
"../../../Engine/Plugins/Runtime/ArchVisCharacter/Binaries/Win64/UE4Editor.modules" 339
"../../../Engine/Plugins/Runtime/AudioCapture/Binaries/Win64/UE4Editor.modules" 340
"../../../Engine/Plugins/Runtime/CableComponent/Binaries/Win64/UE4Editor.modules" 341
"../../../Engine/Plugins/Runtime/CustomMeshComponent/Binaries/Win64/UE4Editor.modules" 342
"../../../Engine/Plugins/Runtime/ExampleDeviceProfileSelector/Binaries/Win64/UE4Editor.modules" 343
"../../../Engine/Plugins/Runtime/ImmediatePhysics/Binaries/Win64/UE4Editor.modules" 344
"../../../Engine/Plugins/Runtime/LocationServicesBPLibrary/Binaries/Win64/UE4Editor.modules" 345
"../../../Engine/Plugins/Runtime/MobilePatchingUtils/Binaries/Win64/UE4Editor.modules" 346
"../../../Engine/Plugins/Runtime/Oculus/OculusVR/Binaries/Win64/UE4Editor.modules" 347
"../../../Engine/Plugins/Runtime/PhysXVehicles/Binaries/Win64/UE4Editor.modules" 348
"../../../Engine/Plugins/Runtime/RuntimePhysXCooking/Binaries/Win64/UE4Editor.modules" 349
"../../../Engine/Plugins/Runtime/Steam/SteamVR/Binaries/Win64/UE4Editor.modules" 350
"../../../Engine/Plugins/Runtime/WindowsMoviePlayer/Binaries/Win64/UE4Editor.modules" 351
